Сборка начата 22.03.2015 18:35:12.
     1>Проект "C:\Users\xxx\Desktop\123\123\123.vcxproj" в узле 2 (целевые объекты build).
     1>PrepareForBuild:
         Создание каталога "C:\Users\xxx\Desktop\123\Debug\".
       InitializeBuildStatus:
         Создание "Debug\123.unsuccessfulbuild", так как было задано "AlwaysCreate".
       ClCompile:
         c:\Program Files\Microsoft Visual Studio 10.0\VC\bin\CL.exe /c /ZI /nologo /W3 /WX- /Od /Oy- /D WIN32 /D _DEBUG /D _CONSOLE /D _UNICODE /D UNICODE /Gm /EHsc /RTC1 /MDd /GS /fp:precise /Zc:wchar_t /Zc:forScope /Fo"Debug\\" /Fd"Debug\vc100.pdb" /Gd /TP /analyze- /errorReport:prompt 123.cpp Group.cpp List.cpp Student.cpp
         Student.cpp
         List.cpp
         Group.cpp
         123.cpp
         Создание кода...
       ManifestResourceCompile:
         c:\Program Files\Microsoft SDKs\Windows\v7.0A\bin\rc.exe /nologo /fo"Debug\123.exe.embed.manifest.res" Debug\123_manifest.rc 
       Link:
         c:\Program Files\Microsoft Visual Studio 10.0\VC\bin\link.exe /ERRORREPORT:PROMPT /OUT:"C:\Users\xxx\Desktop\123\Debug\123.exe" /INCREMENTAL /NOLOGO kernel32.lib user32.lib gdi32.lib winspool.lib comdlg32.lib advapi32.lib shell32.lib ole32.lib oleaut32.lib uuid.lib odbc32.lib odbccp32.lib /MANIFEST /ManifestFile:"Debug\123.exe.intermediate.manifest" /MANIFESTUAC:"level='asInvoker' uiAccess='false'" /DEBUG /PDB:"C:\Users\xxx\Desktop\123\Debug\123.pdb" /SUBSYSTEM:CONSOLE /TLBID:1 /DYNAMICBASE /NXCOMPAT /IMPLIB:"C:\Users\xxx\Desktop\123\Debug\123.lib" /MACHINE:X86 Debug\123.exe.embed.manifest.res
         Debug\123.obj
         Debug\Group.obj
         Debug\List.obj
         Debug\Student.obj
       Manifest:
         c:\Program Files\Microsoft SDKs\Windows\v7.0A\bin\mt.exe /nologo /verbose /out:"Debug\123.exe.embed.manifest" /manifest Debug\123.exe.intermediate.manifest
         c:\Program Files\Microsoft SDKs\Windows\v7.0A\bin\rc.exe /nologo /fo"Debug\123.exe.embed.manifest.res" Debug\123_manifest.rc 
       LinkEmbedManifest:
         c:\Program Files\Microsoft Visual Studio 10.0\VC\bin\link.exe /ERRORREPORT:PROMPT /OUT:"C:\Users\xxx\Desktop\123\Debug\123.exe" /INCREMENTAL /NOLOGO kernel32.lib user32.lib gdi32.lib winspool.lib comdlg32.lib advapi32.lib shell32.lib ole32.lib oleaut32.lib uuid.lib odbc32.lib odbccp32.lib /MANIFEST /ManifestFile:"Debug\123.exe.intermediate.manifest" /MANIFESTUAC:"level='asInvoker' uiAccess='false'" /DEBUG /PDB:"C:\Users\xxx\Desktop\123\Debug\123.pdb" /SUBSYSTEM:CONSOLE /TLBID:1 /DYNAMICBASE /NXCOMPAT /IMPLIB:"C:\Users\xxx\Desktop\123\Debug\123.lib" /MACHINE:X86 Debug\123.exe.embed.manifest.res
         Debug\123.obj
         Debug\Group.obj
         Debug\List.obj
         Debug\Student.obj
         123.vcxproj -> C:\Users\xxx\Desktop\123\Debug\123.exe
       FinalizeBuildStatus:
         Файл "Debug\123.unsuccessfulbuild" удаляется.
         Обращение к "Debug\123.lastbuildstate".
     1>Построение проекта "C:\Users\xxx\Desktop\123\123\123.vcxproj" завершено (целевые объекты build).

Построение успешно завершено.

Затраченное время: 00:00:09.78
